<?xml version="1.0" encoding="UTF-8"?>
<!-- Generated by org.testng.reporters.JUnitReportReporter -->
<testsuite hostname="DESKTOP-KHSG3QI" failures="0" tests="1" name="testscripts.Verify_If_Mens_link_isclickable" time="6.104" errors="0" timestamp="2024-04-09T21:11:04 ADT" skipped="0">
  <testcase classname="testscripts.Verify_If_Mens_link_isclickable" name="wishListTestCase" time="6.104"/>
  <system-out/>
</testsuite> <!-- testscripts.Verify_If_Mens_link_isclickable -->
