<?xml version="1.0" encoding="UTF-8"?>
<!-- Generated by org.testng.reporters.JUnitReportReporter -->
<testsuite hostname="DESKTOP-KHSG3QI" failures="0" tests="1" name="testscripts.TC01_Test" time="5.088" errors="0" timestamp="2024-04-12T10:21:57 ADT" skipped="0">
  <testcase classname="testscripts.TC01_Test" name="addToCartTestCase" time="5.088"/>
  <system-out/>
</testsuite> <!-- testscripts.TC01_Test -->
